Copyright 1986-2020 Xilinx, Inc. All Rights Reserved.
-----------------------------------------------------------------------------------------------------------------------------------------
| Tool Version : Vivado v.2020.2 (lin64) Build 3064766 Wed Nov 18 09:12:47 MST 2020
| Date         : Mon Nov  6 15:27:44 2023
| Host         : michael-Yoga-Slim-7-14ARE05 running 64-bit Ubuntu 20.04.6 LTS
| Command      : report_utilization -file u96v2_sbc_mp4d_wrapper_utilization_placed.rpt -pb u96v2_sbc_mp4d_wrapper_utilization_placed.pb
| Design       : u96v2_sbc_mp4d_wrapper
| Device       : xczu3egsbva484-1
| Design State : Fully Placed
-----------------------------------------------------------------------------------------------------------------------------------------

Utilization Design Information

Table of Contents
-----------------
1. CLB Logic
1.1 Summary of Registers by Type
2. CLB Logic Distribution
3. BLOCKRAM
4. ARITHMETIC
5. I/O
6. CLOCK
7. ADVANCED
8. CONFIGURATION
9. Primitives
10. Black Boxes
11. Instantiated Netlists

1. CLB Logic
------------

+----------------------------+------+-------+-----------+-------+
|          Site Type         | Used | Fixed | Available | Util% |
+----------------------------+------+-------+-----------+-------+
| CLB LUTs                   | 6941 |     0 |     70560 |  9.84 |
|   LUT as Logic             | 5281 |     0 |     70560 |  7.48 |
|   LUT as Memory            | 1660 |     0 |     28800 |  5.76 |
|     LUT as Distributed RAM |  752 |     0 |           |       |
|     LUT as Shift Register  |  908 |     0 |           |       |
| CLB Registers              | 8496 |     0 |    141120 |  6.02 |
|   Register as Flip Flop    | 8496 |     0 |    141120 |  6.02 |
|   Register as Latch        |    0 |     0 |    141120 |  0.00 |
| CARRY8                     |   20 |     0 |      8820 |  0.23 |
| F7 Muxes                   |    1 |     0 |     35280 | <0.01 |
| F8 Muxes                   |    0 |     0 |     17640 |  0.00 |
| F9 Muxes                   |    0 |     0 |      8820 |  0.00 |
+----------------------------+------+-------+-----------+-------+


1.1 Summary of Registers by Type
--------------------------------

+-------+--------------+-------------+--------------+
| Total | Clock Enable | Synchronous | Asynchronous |
+-------+--------------+-------------+--------------+
| 0     |            _ |           - |            - |
| 0     |            _ |           - |          Set |
| 0     |            _ |           - |        Reset |
| 0     |            _ |         Set |            - |
| 0     |            _ |       Reset |            - |
| 0     |          Yes |           - |            - |
| 0     |          Yes |           - |          Set |
| 60    |          Yes |           - |        Reset |
| 288   |          Yes |         Set |            - |
| 8148  |          Yes |       Reset |            - |
+-------+--------------+-------------+--------------+


2. CLB Logic Distribution
-------------------------

+--------------------------------------------+------+-------+-----------+-------+
|                  Site Type                 | Used | Fixed | Available | Util% |
+--------------------------------------------+------+-------+-----------+-------+
| CLB                                        | 1402 |     0 |      8820 | 15.90 |
|   CLBL                                     |  895 |     0 |           |       |
|   CLBM                                     |  507 |     0 |           |       |
| LUT as Logic                               | 5281 |     0 |     70560 |  7.48 |
|   using O5 output only                     |  264 |       |           |       |
|   using O6 output only                     | 3337 |       |           |       |
|   using O5 and O6                          | 1680 |       |           |       |
| LUT as Memory                              | 1660 |     0 |     28800 |  5.76 |
|   LUT as Distributed RAM                   |  752 |     0 |           |       |
|     using O5 output only                   |    0 |       |           |       |
|     using O6 output only                   |    0 |       |           |       |
|     using O5 and O6                        |  752 |       |           |       |
|   LUT as Shift Register                    |  908 |     0 |           |       |
|     using O5 output only                   |    0 |       |           |       |
|     using O6 output only                   |  908 |       |           |       |
|     using O5 and O6                        |    0 |       |           |       |
| CLB Registers                              | 8496 |     0 |    141120 |  6.02 |
|   Register driven from within the CLB      | 5619 |       |           |       |
|   Register driven from outside the CLB     | 2877 |       |           |       |
|     LUT in front of the register is unused | 1775 |       |           |       |
|     LUT in front of the register is used   | 1102 |       |           |       |
| Unique Control Sets                        |  551 |       |     17640 |  3.12 |
+--------------------------------------------+------+-------+-----------+-------+
* * Note: Available Control Sets calculated as Slices * 2, Review the Control Sets Report for more information regarding control sets.


3. BLOCKRAM
-----------

+-------------------+------+-------+-----------+-------+
|     Site Type     | Used | Fixed | Available | Util% |
+-------------------+------+-------+-----------+-------+
| Block RAM Tile    |    2 |     0 |       216 |  0.93 |
|   RAMB36/FIFO*    |    2 |     0 |       216 |  0.93 |
|     RAMB36E2 only |    2 |       |           |       |
|   RAMB18          |    0 |     0 |       432 |  0.00 |
+-------------------+------+-------+-----------+-------+
* Note: Each Block RAM Tile only has one FIFO logic available and therefore can accommodate only one FIFO36E2 or one FIFO18E2. However, if a FIFO18E2 occupies a Block RAM Tile, that tile can still accommodate a RAMB18E2


4. ARITHMETIC
-------------

+-----------+------+-------+-----------+-------+
| Site Type | Used | Fixed | Available | Util% |
+-----------+------+-------+-----------+-------+
| DSPs      |    0 |     0 |       360 |  0.00 |
+-----------+------+-------+-----------+-------+


5. I/O
------

+------------------+------+-------+-----------+-------+
|     Site Type    | Used | Fixed | Available | Util% |
+------------------+------+-------+-----------+-------+
| Bonded IOB       |    0 |     0 |        82 |  0.00 |
| HPIOB_M          |    0 |     0 |        26 |  0.00 |
| HPIOB_S          |    0 |     0 |        26 |  0.00 |
| HDIOB_M          |    0 |     0 |        12 |  0.00 |
| HDIOB_S          |    0 |     0 |        12 |  0.00 |
| HPIOB_SNGL       |    0 |     0 |         6 |  0.00 |
| HPIOBDIFFINBUF   |    0 |     0 |        72 |  0.00 |
| HPIOBDIFFOUTBUF  |    0 |     0 |        72 |  0.00 |
| HDIOBDIFFINBUF   |    0 |     0 |        48 |  0.00 |
| BITSLICE_CONTROL |    0 |     0 |        24 |  0.00 |
| BITSLICE_RX_TX   |    0 |     0 |       156 |  0.00 |
| BITSLICE_TX      |    0 |     0 |        24 |  0.00 |
| RIU_OR           |    0 |     0 |        12 |  0.00 |
+------------------+------+-------+-----------+-------+


6. CLOCK
--------

+----------------------+------+-------+-----------+-------+
|       Site Type      | Used | Fixed | Available | Util% |
+----------------------+------+-------+-----------+-------+
| GLOBAL CLOCK BUFFERs |    1 |     0 |       196 |  0.51 |
|   BUFGCE             |    0 |     0 |        88 |  0.00 |
|   BUFGCE_DIV         |    0 |     0 |        12 |  0.00 |
|   BUFG_PS            |    1 |     0 |        72 |  1.39 |
|   BUFGCTRL*          |    0 |     0 |        24 |  0.00 |
| PLL                  |    0 |     0 |         6 |  0.00 |
| MMCM                 |    0 |     0 |         3 |  0.00 |
+----------------------+------+-------+-----------+-------+
* Note: Each used BUFGCTRL counts as two GLOBAL CLOCK BUFFERs. This table does not include global clocking resources, only buffer cell usage. See the Clock Utilization Report (report_clock_utilization) for detailed accounting of global clocking resource availability.


7. ADVANCED
-----------

+-----------+------+-------+-----------+--------+
| Site Type | Used | Fixed | Available |  Util% |
+-----------+------+-------+-----------+--------+
| PS8       |    1 |     0 |         1 | 100.00 |
| SYSMONE4  |    0 |     0 |         1 |   0.00 |
+-----------+------+-------+-----------+--------+


8. CONFIGURATION
----------------

+-------------+------+-------+-----------+-------+
|  Site Type  | Used | Fixed | Available | Util% |
+-------------+------+-------+-----------+-------+
| BSCANE2     |    0 |     0 |         4 |  0.00 |
| DNA_PORTE2  |    0 |     0 |         1 |  0.00 |
| EFUSE_USR   |    0 |     0 |         1 |  0.00 |
| FRAME_ECCE4 |    0 |     0 |         1 |  0.00 |
| ICAPE3      |    0 |     0 |         2 |  0.00 |
| MASTER_JTAG |    0 |     0 |         1 |  0.00 |
| STARTUPE3   |    0 |     0 |         1 |  0.00 |
+-------------+------+-------+-----------+-------+


9. Primitives
-------------

+----------+------+---------------------+
| Ref Name | Used | Functional Category |
+----------+------+---------------------+
| FDRE     | 8148 |            Register |
| LUT6     | 2088 |                 CLB |
| LUT3     | 1622 |                 CLB |
| RAMD32   | 1316 |                 CLB |
| LUT5     | 1285 |                 CLB |
| LUT4     | 1158 |                 CLB |
| SRLC32E  |  674 |                 CLB |
| LUT2     |  613 |                 CLB |
| FDSE     |  288 |            Register |
| SRL16E   |  234 |                 CLB |
| LUT1     |  195 |                 CLB |
| RAMS32   |  188 |                 CLB |
| FDCE     |   60 |            Register |
| CARRY8   |   20 |                 CLB |
| RAMB36E2 |    2 |            BLOCKRAM |
| PS8      |    1 |            Advanced |
| MUXF7    |    1 |                 CLB |
| BUFG_PS  |    1 |               Clock |
+----------+------+---------------------+


10. Black Boxes
---------------

+----------+------+
| Ref Name | Used |
+----------+------+


11. Instantiated Netlists
-------------------------

+---------------------------------------+------+
|                Ref Name               | Used |
+---------------------------------------+------+
| u96v2_sbc_mp4d_zynq_ultra_ps_e_0_0    |    1 |
| u96v2_sbc_mp4d_rst_ps8_0_100M_0       |    1 |
| u96v2_sbc_mp4d_axi_smc_0              |    1 |
| u96v2_sbc_mp4d_axi_intc_0_0           |    1 |
| u96v2_sbc_mp4d_axi_bram_ctrl_0_bram_0 |    1 |
| u96v2_sbc_mp4d_axi_bram_ctrl_0_0      |    1 |
| u96v2_sbc_mp4d_ImageFilter_0_1        |    1 |
+---------------------------------------+------+


