Copyright 1986-2020 Xilinx, Inc. All Rights Reserved.
---------------------------------------------------------------------------------------------------------------------------------------------------------
| Tool Version : Vivado v.2020.2 (lin64) Build 3064766 Wed Nov 18 09:12:47 MST 2020
| Date         : Mon Nov  6 15:27:11 2023
| Host         : michael-Yoga-Slim-7-14ARE05 running 64-bit Ubuntu 20.04.6 LTS
| Command      : report_drc -file u96v2_sbc_mp4d_wrapper_drc_opted.rpt -pb u96v2_sbc_mp4d_wrapper_drc_opted.pb -rpx u96v2_sbc_mp4d_wrapper_drc_opted.rpx
| Design       : u96v2_sbc_mp4d_wrapper
| Device       : xczu3eg-sbva484-1-i
| Speed File   : -1
| Design State : Synthesized
---------------------------------------------------------------------------------------------------------------------------------------------------------

Report DRC

Table of Contents
-----------------
1. REPORT SUMMARY
2. REPORT DETAILS

1. REPORT SUMMARY
-----------------
            Netlist: netlist
          Floorplan: design_1
      Design limits: <entire design considered>
           Ruledeck: default
             Max violations: <unlimited>
             Violations found: 2
+-----------+----------+--------------------------------------------+------------+
| Rule      | Severity | Description                                | Violations |
+-----------+----------+--------------------------------------------+------------+
| REQP-1774 | Warning  | RAMB36E2_WRITE_WIDTH_A_18_doesnt_use_WEA32 | 2          |
+-----------+----------+--------------------------------------------+------------+

2. REPORT DETAILS
-----------------
REQP-1774#1 Warning
RAMB36E2_WRITE_WIDTH_A_18_doesnt_use_WEA32  
The RAMB36E2 cell u96v2_sbc_mp4d_i/axi_bram_ctrl_0_bram/U0/inst_blk_mem_gen/gnbram.gnative_mem_map_bmg.native_mem_map_blk_mem_gen/valid.cstr/ramloop[0].ram.r/prim_noinit.ram/DEVICE_8SERIES.WITH_BMM_INFO.TRUE_DP.SIMPLE_PRIM36.SERIES8_TDP_SP36_NO_ECC_ATTR.ram has WRITE_WIDTH_A set to 18. The WEA[3:2] pins should not be connected to active signal.
Related violations: <none>

REQP-1774#2 Warning
RAMB36E2_WRITE_WIDTH_A_18_doesnt_use_WEA32  
The RAMB36E2 cell u96v2_sbc_mp4d_i/axi_bram_ctrl_0_bram/U0/inst_blk_mem_gen/gnbram.gnative_mem_map_bmg.native_mem_map_blk_mem_gen/valid.cstr/ramloop[1].ram.r/prim_noinit.ram/DEVICE_8SERIES.WITH_BMM_INFO.TRUE_DP.SIMPLE_PRIM36.SERIES8_TDP_SP36_NO_ECC_ATTR.ram has WRITE_WIDTH_A set to 18. The WEA[3:2] pins should not be connected to active signal.
Related violations: <none>


